# JRE version: OpenJDK Runtime Environment Temurin-21.0.12.1+1 (21.0.12.1+1) (build 21.0.12.1+1-LTS)
# Java VM: OpenJDK 64-Bit Server VM Temurin-21.0.12.1+1 (21.0.12.1+1-LTS, mixed mode, sharing, tiered, compressed oops, compressed class ptrs, parallel gc, windows-amd64)
GC Precious Log:
 CardTable entry size: 512
 CPUs: 4 total, 4 available
 Memory: 8073M
 Large Page Support: Disabled
 NUMA Support: Disabled
 Compressed Oops: Enabled (32-bit)
 Alignments: Space 512K, Generation 512K, Heap 2M
 Heap Min Capacity: 100M
 Heap Initial Capacity: 100M
 Heap Max Capacity: 2G
 Pre-touch: Disabled
 Parallel Workers: 4
Heap:
 PSYoungGen      total 27648K, used 24123K [0x00000000d5580000, 0x00000000d8100000, 0x0000000100000000)
  eden space 15872K, 77% used [0x00000000d5580000,0x00000000d6193be8,0x00000000d6500000)
  from space 11776K, 99% used [0x00000000d6500000,0x00000000d707b250,0x00000000d7080000)
  to   space 13824K, 0% used [0x00000000d7380000,0x00000000d7380000,0x00000000d8100000)
 ParOldGen       total 882688K, used 882587K [0x0000000080000000, 0x00000000b5e00000, 0x00000000d5580000)
  object space 882688K, 99% used [0x0000000080000000,0x00000000b5de6c50,0x00000000b5e00000)
 Metaspace       used 75586K, committed 76928K, reserved 1179648K
  class space    used 7779K, committed 8320K, reserved 1048576K
GC Heap History (20 events):
Event: 357.583 GC heap before
{Heap before GC invocations=1826 (full 7):
 PSYoungGen      total 20992K, used 20747K [0x00000000d5580000, 0x00000000d7000000, 0x0000000100000000)
  eden space 17408K, 100% used [0x00000000d5580000,0x00000000d6680000,0x00000000d6680000)
  from space 3584K, 93% used [0x00000000d6680000,0x00000000d69c2ff8,0x00000000d6a00000)
  to   space 4608K, 0% used [0x00000000d6b80000,0x00000000d6b80000,0x00000000d7000000)
 ParOldGen       total 876032K, used 875583K [0x0000000080000000, 0x00000000b5780000, 0x00000000d5580000)
  object space 876032K, 99% used [0x0000000080000000,0x00000000b570ffd8,0x00000000b5780000)
 Metaspace       used 75374K, committed 76672K, reserved 1179648K
  class space    used 7770K, committed 8320K, reserved 1048576K
}
Event: 357.588 GC heap after
{Heap after GC invocations=1826 (full 7):
 PSYoungGen      total 20992K, used 2829K [0x00000000d5580000, 0x00000000d6e80000, 0x0000000100000000)
  eden space 17920K, 0% used [0x00000000d5580000,0x00000000d5580000,0x00000000d6700000)
  from space 3072K, 92% used [0x00000000d6b80000,0x00000000d6e437a0,0x00000000d6e80000)
  to   space 3584K, 0% used [0x00000000d6780000,0x00000000d6780000,0x00000000d6b00000)
 ParOldGen       total 876032K, used 875591K [0x0000000080000000, 0x00000000b5780000, 0x00000000d5580000)
  object space 876032K, 99% used [0x0000000080000000,0x00000000b5711fd8,0x00000000b5780000)
 Metaspace       used 75374K, committed 76672K, reserved 1179648K
  class space    used 7770K, committed 8320K, reserved 1048576K
}
Event: 358.115 GC heap before
{Heap before GC invocations=1827 (full 7):
 PSYoungGen      total 20992K, used 20749K [0x00000000d5580000, 0x00000000d6e80000, 0x0000000100000000)
  eden space 17920K, 100% used [0x00000000d5580000,0x00000000d6700000,0x00000000d6700000)
  from space 3072K, 92% used [0x00000000d6b80000,0x00000000d6e437a0,0x00000000d6e80000)
  to   space 3584K, 0% used [0x00000000d6780000,0x00000000d6780000,0x00000000d6b00000)
 ParOldGen       total 876032K, used 875591K [0x0000000080000000, 0x00000000b5780000, 0x00000000d5580000)
  object space 876032K, 99% used [0x0000000080000000,0x00000000b5711fd8,0x00000000b5780000)
 Metaspace       used 75424K, committed 76736K, reserved 1179648K
  class space    used 7772K, committed 8320K, reserved 1048576K
}
Event: 358.120 GC heap after
{Heap after GC invocations=1827 (full 7):
 PSYoungGen      total 22016K, used 3569K [0x00000000d5580000, 0x00000000d7080000, 0x0000000100000000)
  eden space 18432K, 0% used [0x00000000d5580000,0x00000000d5580000,0x00000000d6780000)
  from space 3584K, 99% used [0x00000000d6780000,0x00000000d6afc7b0,0x00000000d6b00000)
  to   space 4608K, 0% used [0x00000000d6c00000,0x00000000d6c00000,0x00000000d7080000)
 ParOldGen       total 876544K, used 876196K [0x0000000080000000, 0x00000000b5800000, 0x00000000d5580000)
  object space 876544K, 99% used [0x0000000080000000,0x00000000b57a9130,0x00000000b5800000)
 Metaspace       used 75424K, committed 76736K, reserved 1179648K
  class space    used 7772K, committed 8320K, reserved 1048576K
}
Event: 358.830 GC heap before
{Heap before GC invocations=1828 (full 7):
 PSYoungGen      total 22016K, used 22001K [0x00000000d5580000, 0x00000000d7080000, 0x0000000100000000)
  eden space 18432K, 100% used [0x00000000d5580000,0x00000000d6780000,0x00000000d6780000)
  from space 3584K, 99% used [0x00000000d6780000,0x00000000d6afc7b0,0x00000000d6b00000)
  to   space 4608K, 0% used [0x00000000d6c00000,0x00000000d6c00000,0x00000000d7080000)
 ParOldGen       total 876544K, used 876196K [0x0000000080000000, 0x00000000b5800000, 0x00000000d5580000)
  object space 876544K, 99% used [0x0000000080000000,0x00000000b57a9130,0x00000000b5800000)
 Metaspace       used 75489K, committed 76800K, reserved 1179648K
  class space    used 7772K, committed 8320K, reserved 1048576K
}
Event: 358.841 GC heap after
{Heap after GC invocations=1828 (full 7):
 PSYoungGen      total 20992K, used 4605K [0x00000000d5580000, 0x00000000d7500000, 0x0000000100000000)
  eden space 16384K, 0% used [0x00000000d5580000,0x00000000d5580000,0x00000000d6580000)
  from space 4608K, 99% used [0x00000000d6c00000,0x00000000d707f798,0x00000000d7080000)
  to   space 6656K, 0% used [0x00000000d6580000,0x00000000d6580000,0x00000000d6c00000)
 ParOldGen       total 878080K, used 877674K [0x0000000080000000, 0x00000000b5980000, 0x00000000d5580000)
  object space 878080K, 99% used [0x0000000080000000,0x00000000b591a960,0x00000000b5980000)
 Metaspace       used 75489K, committed 76800K, reserved 1179648K
  class space    used 7772K, committed 8320K, reserved 1048576K
}
Event: 359.149 GC heap before
{Heap before GC invocations=1829 (full 7):
 PSYoungGen      total 20992K, used 20988K [0x00000000d5580000, 0x00000000d7500000, 0x0000000100000000)
  eden space 16384K, 99% used [0x00000000d5580000,0x00000000d657fb90,0x00000000d6580000)
  from space 4608K, 99% used [0x00000000d6c00000,0x00000000d707f798,0x00000000d7080000)
  to   space 6656K, 0% used [0x00000000d6580000,0x00000000d6580000,0x00000000d6c00000)
 ParOldGen       total 878080K, used 877674K [0x0000000080000000, 0x00000000b5980000, 0x00000000d5580000)
  object space 878080K, 99% used [0x0000000080000000,0x00000000b591a960,0x00000000b5980000)
 Metaspace       used 75536K, committed 76864K, reserved 1179648K
  class space    used 7772K, committed 8320K, reserved 1048576K
}
Event: 359.155 GC heap after
{Heap after GC invocations=1829 (full 7):
 PSYoungGen      total 21504K, used 4941K [0x00000000d5580000, 0x00000000d7100000, 0x0000000100000000)
  eden space 16384K, 0% used [0x00000000d5580000,0x00000000d5580000,0x00000000d6580000)
  from space 5120K, 96% used [0x00000000d6580000,0x00000000d6a53788,0x00000000d6a80000)
  to   space 5632K, 0% used [0x00000000d6b80000,0x00000000d6b80000,0x00000000d7100000)
 ParOldGen       total 878080K, used 877841K [0x0000000080000000, 0x00000000b5980000, 0x00000000d5580000)
  object space 878080K, 99% used [0x0000000080000000,0x00000000b59445f8,0x00000000b5980000)
 Metaspace       used 75536K, committed 76864K, reserved 1179648K
  class space    used 7772K, committed 8320K, reserved 1048576K
}
Event: 359.509 GC heap before
{Heap before GC invocations=1830 (full 7):
 PSYoungGen      total 21504K, used 21325K [0x00000000d5580000, 0x00000000d7100000, 0x0000000100000000)
  eden space 16384K, 100% used [0x00000000d5580000,0x00000000d6580000,0x00000000d6580000)
  from space 5120K, 96% used [0x00000000d6580000,0x00000000d6a53788,0x00000000d6a80000)
  to   space 5632K, 0% used [0x00000000d6b80000,0x00000000d6b80000,0x00000000d7100000)
 ParOldGen       total 878080K, used 877841K [0x0000000080000000, 0x00000000b5980000, 0x00000000d5580000)
  object space 878080K, 99% used [0x0000000080000000,0x00000000b59445f8,0x00000000b5980000)
 Metaspace       used 75538K, committed 76864K, reserved 1179648K
  class space    used 7772K, committed 8320K, reserved 1048576K
}
Event: 359.516 GC heap after
{Heap after GC invocations=1830 (full 7):
 PSYoungGen      total 22016K, used 5623K [0x00000000d5580000, 0x00000000d7200000, 0x0000000100000000)
  eden space 16384K, 0% used [0x00000000d5580000,0x00000000d5580000,0x00000000d6580000)
  from space 5632K, 99% used [0x00000000d6b80000,0x00000000d70fdd18,0x00000000d7100000)
  to   space 6144K, 0% used [0x00000000d6580000,0x00000000d6580000,0x00000000d6b80000)
 ParOldGen       total 878080K, used 877841K [0x0000000080000000, 0x00000000b5980000, 0x00000000d5580000)
  object space 878080K, 99% used [0x0000000080000000,0x00000000b59445f8,0x00000000b5980000)
 Metaspace       used 75538K, committed 76864K, reserved 1179648K
  class space    used 7772K, committed 8320K, reserved 1048576K
}
Event: 359.615 GC heap before
{Heap before GC invocations=1831 (full 7):
 PSYoungGen      total 22016K, used 22007K [0x00000000d5580000, 0x00000000d7200000, 0x0000000100000000)
  eden space 16384K, 100% used [0x00000000d5580000,0x00000000d6580000,0x00000000d6580000)
  from space 5632K, 99% used [0x00000000d6b80000,0x00000000d70fdd18,0x00000000d7100000)
  to   space 6144K, 0% used [0x00000000d6580000,0x00000000d6580000,0x00000000d6b80000)
 ParOldGen       total 878080K, used 877841K [0x0000000080000000, 0x00000000b5980000, 0x00000000d5580000)
  object space 878080K, 99% used [0x0000000080000000,0x00000000b59445f8,0x00000000b5980000)
 Metaspace       used 75538K, committed 76864K, reserved 1179648K
  class space    used 7772K, committed 8320K, reserved 1048576K
}
Event: 359.625 GC heap after
{Heap after GC invocations=1831 (full 7):
 PSYoungGen      total 22528K, used 6130K [0x00000000d5580000, 0x00000000d7600000, 0x0000000100000000)
  eden space 16384K, 0% used [0x00000000d5580000,0x00000000d5580000,0x00000000d6580000)
  from space 6144K, 99% used [0x00000000d6580000,0x00000000d6b7caa0,0x00000000d6b80000)
  to   space 8192K, 0% used [0x00000000d6e00000,0x00000000d6e00000,0x00000000d7600000)
 ParOldGen       total 879616K, used 879467K [0x0000000080000000, 0x00000000b5b00000, 0x00000000d5580000)
  object space 879616K, 99% used [0x0000000080000000,0x00000000b5adafa8,0x00000000b5b00000)
 Metaspace       used 75538K, committed 76864K, reserved 1179648K
  class space    used 7772K, committed 8320K, reserved 1048576K
}
Event: 359.739 GC heap before
{Heap before GC invocations=1832 (full 7):
 PSYoungGen      total 22528K, used 22514K [0x00000000d5580000, 0x00000000d7600000, 0x0000000100000000)
  eden space 16384K, 100% used [0x00000000d5580000,0x00000000d6580000,0x00000000d6580000)
  from space 6144K, 99% used [0x00000000d6580000,0x00000000d6b7caa0,0x00000000d6b80000)
  to   space 8192K, 0% used [0x00000000d6e00000,0x00000000d6e00000,0x00000000d7600000)
 ParOldGen       total 879616K, used 879467K [0x0000000080000000, 0x00000000b5b00000, 0x00000000d5580000)
  object space 879616K, 99% used [0x0000000080000000,0x00000000b5adafa8,0x00000000b5b00000)
 Metaspace       used 75540K, committed 76864K, reserved 1179648K
  class space    used 7772K, committed 8320K, reserved 1048576K
}
Event: 359.747 GC heap after
{Heap after GC invocations=1832 (full 7):
 PSYoungGen      total 24064K, used 8180K [0x00000000d5580000, 0x00000000d7800000, 0x0000000100000000)
  eden space 15872K, 0% used [0x00000000d5580000,0x00000000d5580000,0x00000000d6500000)
  from space 8192K, 99% used [0x00000000d6e00000,0x00000000d75fd2e8,0x00000000d7600000)
  to   space 9216K, 0% used [0x00000000d6500000,0x00000000d6500000,0x00000000d6e00000)
 ParOldGen       total 880128K, used 879811K [0x0000000080000000, 0x00000000b5b80000, 0x00000000d5580000)
  object space 880128K, 99% used [0x0000000080000000,0x00000000b5b30fa8,0x00000000b5b80000)
 Metaspace       used 75540K, committed 76864K, reserved 1179648K
  class space    used 7772K, committed 8320K, reserved 1048576K
}
Event: 359.843 GC heap before
{Heap before GC invocations=1833 (full 7):
 PSYoungGen      total 24064K, used 24052K [0x00000000d5580000, 0x00000000d7800000, 0x0000000100000000)
  eden space 15872K, 100% used [0x00000000d5580000,0x00000000d6500000,0x00000000d6500000)
  from space 8192K, 99% used [0x00000000d6e00000,0x00000000d75fd2e8,0x00000000d7600000)
  to   space 9216K, 0% used [0x00000000d6500000,0x00000000d6500000,0x00000000d6e00000)
 ParOldGen       total 880128K, used 879811K [0x0000000080000000, 0x00000000b5b80000, 0x00000000d5580000)
  object space 880128K, 99% used [0x0000000080000000,0x00000000b5b30fa8,0x00000000b5b80000)
 Metaspace       used 75541K, committed 76864K, reserved 1179648K
  class space    used 7772K, committed 8320K, reserved 1048576K
}
Event: 359.852 GC heap after
{Heap after GC invocations=1833 (full 7):
 PSYoungGen      total 25088K, used 9191K [0x00000000d5580000, 0x00000000d7b80000, 0x0000000100000000)
  eden space 15872K, 0% used [0x00000000d5580000,0x00000000d5580000,0x00000000d6500000)
  from space 9216K, 99% used [0x00000000d6500000,0x00000000d6df9f88,0x00000000d6e00000)
  to   space 11264K, 0% used [0x00000000d7080000,0x00000000d7080000,0x00000000d7b80000)
 ParOldGen       total 881152K, used 881035K [0x0000000080000000, 0x00000000b5c80000, 0x00000000d5580000)
  object space 881152K, 99% used [0x0000000080000000,0x00000000b5c62fb0,0x00000000b5c80000)
 Metaspace       used 75541K, committed 76864K, reserved 1179648K
  class space    used 7772K, committed 8320K, reserved 1048576K
}
Event: 359.926 GC heap before
{Heap before GC invocations=1834 (full 7):
 PSYoungGen      total 25088K, used 25063K [0x00000000d5580000, 0x00000000d7b80000, 0x0000000100000000)
  eden space 15872K, 100% used [0x00000000d5580000,0x00000000d6500000,0x00000000d6500000)
  from space 9216K, 99% used [0x00000000d6500000,0x00000000d6df9f88,0x00000000d6e00000)
  to   space 11264K, 0% used [0x00000000d7080000,0x00000000d7080000,0x00000000d7b80000)
 ParOldGen       total 881152K, used 881035K [0x0000000080000000, 0x00000000b5c80000, 0x00000000d5580000)
  object space 881152K, 99% used [0x0000000080000000,0x00000000b5c62fb0,0x00000000b5c80000)
 Metaspace       used 75543K, committed 76864K, reserved 1179648K
  class space    used 7773K, committed 8320K, reserved 1048576K
}
Event: 359.958 GC heap after
{Heap after GC invocations=1834 (full 7):
 PSYoungGen      total 27136K, used 11115K [0x00000000d5580000, 0x00000000d7d00000, 0x0000000100000000)
  eden space 15872K, 0% used [0x00000000d5580000,0x00000000d5580000,0x00000000d6500000)
  from space 11264K, 98% used [0x00000000d7080000,0x00000000d7b5ad80,0x00000000d7b80000)
  to   space 11776K, 0% used [0x00000000d6500000,0x00000000d6500000,0x00000000d7080000)
 ParOldGen       total 881664K, used 881271K [0x0000000080000000, 0x00000000b5d00000, 0x00000000d5580000)
  object space 881664K, 99% used [0x0000000080000000,0x00000000b5c9df98,0x00000000b5d00000)
 Metaspace       used 75543K, committed 76864K, reserved 1179648K
  class space    used 7773K, committed 8320K, reserved 1048576K
}
Event: 360.050 GC heap before
{Heap before GC invocations=1835 (full 7):
 PSYoungGen      total 27136K, used 26987K [0x00000000d5580000, 0x00000000d7d00000, 0x0000000100000000)
  eden space 15872K, 100% used [0x00000000d5580000,0x00000000d6500000,0x00000000d6500000)
  from space 11264K, 98% used [0x00000000d7080000,0x00000000d7b5ad80,0x00000000d7b80000)
  to   space 11776K, 0% used [0x00000000d6500000,0x00000000d6500000,0x00000000d7080000)
 ParOldGen       total 881664K, used 881271K [0x0000000080000000, 0x00000000b5d00000, 0x00000000d5580000)
  object space 881664K, 99% used [0x0000000080000000,0x00000000b5c9df98,0x00000000b5d00000)
 Metaspace       used 75569K, committed 76928K, reserved 1179648K
  class space    used 7776K, committed 8320K, reserved 1048576K
}
Event: 360.063 GC heap after
{Heap after GC invocations=1835 (full 7):
 PSYoungGen      total 27648K, used 11756K [0x00000000d5580000, 0x00000000d8100000, 0x0000000100000000)
  eden space 15872K, 0% used [0x00000000d5580000,0x00000000d5580000,0x00000000d6500000)
  from space 11776K, 99% used [0x00000000d6500000,0x00000000d707b250,0x00000000d7080000)
  to   space 13824K, 0% used [0x00000000d7380000,0x00000000d7380000,0x00000000d8100000)
 ParOldGen       total 882688K, used 882587K [0x0000000080000000, 0x00000000b5e00000, 0x00000000d5580000)
  object space 882688K, 99% used [0x0000000080000000,0x00000000b5de6c50,0x00000000b5e00000)
 Metaspace       used 75569K, committed 76928K, reserved 1179648K
  class space    used 7776K, committed 8320K, reserved 1048576K
}

